CRITICAL - 2022-05-13 11:52:28 --> Invalid file: welcome_message.php
#0 F:\wamp64\www\proyectoUes\vendor\codeigniter4\framework\system\View\View.php(198): CodeIgniter\Exceptions\FrameworkException::forInvalidFile('welcome_message...')
#1 F:\wamp64\www\proyectoUes\vendor\codeigniter4\framework\system\Common.php(1089): CodeIgniter\View\View->render('welcome_message', Array, true)
#2 F:\wamp64\www\proyectoUes\app\Controllers\Home.php(9): view('welcome_message')
#3 F:\wamp64\www\proyectoUes\vendor\codeigniter4\framework\system\CodeIgniter.php(832): App\Controllers\Home->index()
#4 F:\wamp64\www\proyectoUes\vendor\codeigniter4\framework\system\CodeIgniter.php(419): CodeIgniter\CodeIgniter->runController(Object(App\Controllers\Home))
#5 F:\wamp64\www\proyectoUes\vendor\codeigniter4\framework\system\CodeIgniter.php(326): CodeIgniter\CodeIgniter->handleRequest(NULL, Object(Config\Cache), false)
#6 F:\wamp64\www\proyectoUes\public\index.php(37): CodeIgniter\CodeIgniter->run()
#7 {main}
CRITICAL - 2022-05-13 11:53:12 --> Invalid file: welcome_message.php
#0 F:\wamp64\www\proyectoUes\vendor\codeigniter4\framework\system\View\View.php(198): CodeIgniter\Exceptions\FrameworkException::forInvalidFile('welcome_message...')
#1 F:\wamp64\www\proyectoUes\vendor\codeigniter4\framework\system\Common.php(1089): CodeIgniter\View\View->render('welcome_message', Array, true)
#2 F:\wamp64\www\proyectoUes\app\Controllers\Home.php(9): view('welcome_message')
#3 F:\wamp64\www\proyectoUes\vendor\codeigniter4\framework\system\CodeIgniter.php(832): App\Controllers\Home->index()
#4 F:\wamp64\www\proyectoUes\vendor\codeigniter4\framework\system\CodeIgniter.php(419): CodeIgniter\CodeIgniter->runController(Object(App\Controllers\Home))
#5 F:\wamp64\www\proyectoUes\vendor\codeigniter4\framework\system\CodeIgniter.php(326): CodeIgniter\CodeIgniter->handleRequest(NULL, Object(Config\Cache), false)
#6 F:\wamp64\www\proyectoUes\public\index.php(37): CodeIgniter\CodeIgniter->run()
#7 {main}
CRITICAL - 2022-05-13 11:55:04 --> Invalid file: welcome_message.php
#0 F:\wamp64\www\proyectoUes\vendor\codeigniter4\framework\system\View\View.php(198): CodeIgniter\Exceptions\FrameworkException::forInvalidFile('welcome_message...')
#1 F:\wamp64\www\proyectoUes\vendor\codeigniter4\framework\system\Common.php(1089): CodeIgniter\View\View->render('welcome_message', Array, true)
#2 F:\wamp64\www\proyectoUes\app\Controllers\Home.php(9): view('welcome_message')
#3 F:\wamp64\www\proyectoUes\vendor\codeigniter4\framework\system\CodeIgniter.php(832): App\Controllers\Home->index()
#4 F:\wamp64\www\proyectoUes\vendor\codeigniter4\framework\system\CodeIgniter.php(419): CodeIgniter\CodeIgniter->runController(Object(App\Controllers\Home))
#5 F:\wamp64\www\proyectoUes\vendor\codeigniter4\framework\system\CodeIgniter.php(326): CodeIgniter\CodeIgniter->handleRequest(NULL, Object(Config\Cache), false)
#6 F:\wamp64\www\proyectoUes\public\index.php(37): CodeIgniter\CodeIgniter->run()
#7 {main}
CRITICAL - 2022-05-13 11:55:28 --> Invalid file: welcome_message.php
#0 F:\wamp64\www\proyectoUes\vendor\codeigniter4\framework\system\View\View.php(198): CodeIgniter\Exceptions\FrameworkException::forInvalidFile('welcome_message...')
#1 F:\wamp64\www\proyectoUes\vendor\codeigniter4\framework\system\Common.php(1089): CodeIgniter\View\View->render('welcome_message', Array, true)
#2 F:\wamp64\www\proyectoUes\app\Controllers\Home.php(9): view('welcome_message')
#3 F:\wamp64\www\proyectoUes\vendor\codeigniter4\framework\system\CodeIgniter.php(832): App\Controllers\Home->index()
#4 F:\wamp64\www\proyectoUes\vendor\codeigniter4\framework\system\CodeIgniter.php(419): CodeIgniter\CodeIgniter->runController(Object(App\Controllers\Home))
#5 F:\wamp64\www\proyectoUes\vendor\codeigniter4\framework\system\CodeIgniter.php(326): CodeIgniter\CodeIgniter->handleRequest(NULL, Object(Config\Cache), false)
#6 F:\wamp64\www\proyectoUes\public\index.php(37): CodeIgniter\CodeIgniter->run()
#7 {main}
CRITICAL - 2022-05-13 11:56:15 --> Invalid file: welcome_message.php
#0 F:\wamp64\www\proyectoUes\vendor\codeigniter4\framework\system\View\View.php(198): CodeIgniter\Exceptions\FrameworkException::forInvalidFile('welcome_message...')
#1 F:\wamp64\www\proyectoUes\vendor\codeigniter4\framework\system\Common.php(1089): CodeIgniter\View\View->render('welcome_message', Array, true)
#2 F:\wamp64\www\proyectoUes\app\Controllers\Home.php(9): view('welcome_message')
#3 F:\wamp64\www\proyectoUes\vendor\codeigniter4\framework\system\CodeIgniter.php(832): App\Controllers\Home->index()
#4 F:\wamp64\www\proyectoUes\vendor\codeigniter4\framework\system\CodeIgniter.php(419): CodeIgniter\CodeIgniter->runController(Object(App\Controllers\Home))
#5 F:\wamp64\www\proyectoUes\vendor\codeigniter4\framework\system\CodeIgniter.php(326): CodeIgniter\CodeIgniter->handleRequest(NULL, Object(Config\Cache), false)
#6 F:\wamp64\www\proyectoUes\public\index.php(37): CodeIgniter\CodeIgniter->run()
#7 {main}
CRITICAL - 2022-05-13 10:57:10 --> Invalid file: welcome_message.php
#0 F:\wamp64\www\proyectoUes\vendor\codeigniter4\framework\system\View\View.php(198): CodeIgniter\Exceptions\FrameworkException::forInvalidFile('welcome_message...')
#1 F:\wamp64\www\proyectoUes\vendor\codeigniter4\framework\system\Common.php(1089): CodeIgniter\View\View->render('welcome_message', Array, true)
#2 F:\wamp64\www\proyectoUes\app\Controllers\Home.php(9): view('welcome_message')
#3 F:\wamp64\www\proyectoUes\vendor\codeigniter4\framework\system\CodeIgniter.php(832): App\Controllers\Home->index()
#4 F:\wamp64\www\proyectoUes\vendor\codeigniter4\framework\system\CodeIgniter.php(419): CodeIgniter\CodeIgniter->runController(Object(App\Controllers\Home))
#5 F:\wamp64\www\proyectoUes\vendor\codeigniter4\framework\system\CodeIgniter.php(326): CodeIgniter\CodeIgniter->handleRequest(NULL, Object(Config\Cache), false)
#6 F:\wamp64\www\proyectoUes\public\index.php(37): CodeIgniter\CodeIgniter->run()
#7 {main}
CRITICAL - 2022-05-13 10:58:30 --> Invalid file: welcome_message.php
#0 F:\wamp64\www\proyectoUes\vendor\codeigniter4\framework\system\View\View.php(198): CodeIgniter\Exceptions\FrameworkException::forInvalidFile('welcome_message...')
#1 F:\wamp64\www\proyectoUes\vendor\codeigniter4\framework\system\Common.php(1089): CodeIgniter\View\View->render('welcome_message', Array, true)
#2 F:\wamp64\www\proyectoUes\app\Controllers\Home.php(9): view('welcome_message')
#3 F:\wamp64\www\proyectoUes\vendor\codeigniter4\framework\system\CodeIgniter.php(832): App\Controllers\Home->index()
#4 F:\wamp64\www\proyectoUes\vendor\codeigniter4\framework\system\CodeIgniter.php(419): CodeIgniter\CodeIgniter->runController(Object(App\Controllers\Home))
#5 F:\wamp64\www\proyectoUes\vendor\codeigniter4\framework\system\CodeIgniter.php(326): CodeIgniter\CodeIgniter->handleRequest(NULL, Object(Config\Cache), false)
#6 F:\wamp64\www\proyectoUes\public\index.php(37): CodeIgniter\CodeIgniter->run()
#7 {main}
CRITICAL - 2022-05-13 10:59:27 --> Invalid file: welcome_message.php
#0 F:\wamp64\www\proyectoUes\vendor\codeigniter4\framework\system\View\View.php(198): CodeIgniter\Exceptions\FrameworkException::forInvalidFile('welcome_message...')
#1 F:\wamp64\www\proyectoUes\vendor\codeigniter4\framework\system\Common.php(1089): CodeIgniter\View\View->render('welcome_message', Array, true)
#2 F:\wamp64\www\proyectoUes\app\Controllers\Home.php(9): view('welcome_message')
#3 F:\wamp64\www\proyectoUes\vendor\codeigniter4\framework\system\CodeIgniter.php(832): App\Controllers\Home->index()
#4 F:\wamp64\www\proyectoUes\vendor\codeigniter4\framework\system\CodeIgniter.php(419): CodeIgniter\CodeIgniter->runController(Object(App\Controllers\Home))
#5 F:\wamp64\www\proyectoUes\vendor\codeigniter4\framework\system\CodeIgniter.php(326): CodeIgniter\CodeIgniter->handleRequest(NULL, Object(Config\Cache), false)
#6 F:\wamp64\www\proyectoUes\public\index.php(37): CodeIgniter\CodeIgniter->run()
#7 {main}
CRITICAL - 2022-05-13 10:59:44 --> Invalid file: welcome_message.php
#0 F:\wamp64\www\proyectoUes\vendor\codeigniter4\framework\system\View\View.php(198): CodeIgniter\Exceptions\FrameworkException::forInvalidFile('welcome_message...')
#1 F:\wamp64\www\proyectoUes\vendor\codeigniter4\framework\system\Common.php(1089): CodeIgniter\View\View->render('welcome_message', Array, true)
#2 F:\wamp64\www\proyectoUes\app\Controllers\Home.php(9): view('welcome_message')
#3 F:\wamp64\www\proyectoUes\vendor\codeigniter4\framework\system\CodeIgniter.php(832): App\Controllers\Home->index()
#4 F:\wamp64\www\proyectoUes\vendor\codeigniter4\framework\system\CodeIgniter.php(419): CodeIgniter\CodeIgniter->runController(Object(App\Controllers\Home))
#5 F:\wamp64\www\proyectoUes\vendor\codeigniter4\framework\system\CodeIgniter.php(326): CodeIgniter\CodeIgniter->handleRequest(NULL, Object(Config\Cache), false)
#6 F:\wamp64\www\proyectoUes\public\index.php(37): CodeIgniter\CodeIgniter->run()
#7 {main}
CRITICAL - 2022-05-13 10:59:48 --> Invalid file: welcome_message.php
#0 F:\wamp64\www\proyectoUes\vendor\codeigniter4\framework\system\View\View.php(198): CodeIgniter\Exceptions\FrameworkException::forInvalidFile('welcome_message...')
#1 F:\wamp64\www\proyectoUes\vendor\codeigniter4\framework\system\Common.php(1089): CodeIgniter\View\View->render('welcome_message', Array, true)
#2 F:\wamp64\www\proyectoUes\app\Controllers\Home.php(9): view('welcome_message')
#3 F:\wamp64\www\proyectoUes\vendor\codeigniter4\framework\system\CodeIgniter.php(832): App\Controllers\Home->index()
#4 F:\wamp64\www\proyectoUes\vendor\codeigniter4\framework\system\CodeIgniter.php(419): CodeIgniter\CodeIgniter->runController(Object(App\Controllers\Home))
#5 F:\wamp64\www\proyectoUes\vendor\codeigniter4\framework\system\CodeIgniter.php(326): CodeIgniter\CodeIgniter->handleRequest(NULL, Object(Config\Cache), false)
#6 F:\wamp64\www\proyectoUes\public\index.php(37): CodeIgniter\CodeIgniter->run()
#7 {main}
CRITICAL - 2022-05-13 11:01:43 --> Invalid file: welcome_message.php
#0 F:\wamp64\www\proyectoUes\vendor\codeigniter4\framework\system\View\View.php(198): CodeIgniter\Exceptions\FrameworkException::forInvalidFile('welcome_message...')
#1 F:\wamp64\www\proyectoUes\vendor\codeigniter4\framework\system\Common.php(1089): CodeIgniter\View\View->render('welcome_message', Array, true)
#2 F:\wamp64\www\proyectoUes\app\Controllers\Home.php(9): view('welcome_message')
#3 F:\wamp64\www\proyectoUes\vendor\codeigniter4\framework\system\CodeIgniter.php(832): App\Controllers\Home->index()
#4 F:\wamp64\www\proyectoUes\vendor\codeigniter4\framework\system\CodeIgniter.php(419): CodeIgniter\CodeIgniter->runController(Object(App\Controllers\Home))
#5 F:\wamp64\www\proyectoUes\vendor\codeigniter4\framework\system\CodeIgniter.php(326): CodeIgniter\CodeIgniter->handleRequest(NULL, Object(Config\Cache), false)
#6 F:\wamp64\www\proyectoUes\public\index.php(37): CodeIgniter\CodeIgniter->run()
#7 {main}
CRITICAL - 2022-05-13 11:02:57 --> Invalid file: welcome_message.php
#0 F:\wamp64\www\proyectoUes\vendor\codeigniter4\framework\system\View\View.php(198): CodeIgniter\Exceptions\FrameworkException::forInvalidFile('welcome_message...')
#1 F:\wamp64\www\proyectoUes\vendor\codeigniter4\framework\system\Common.php(1089): CodeIgniter\View\View->render('welcome_message', Array, true)
#2 F:\wamp64\www\proyectoUes\app\Controllers\Home.php(9): view('welcome_message')
#3 F:\wamp64\www\proyectoUes\vendor\codeigniter4\framework\system\CodeIgniter.php(832): App\Controllers\Home->index()
#4 F:\wamp64\www\proyectoUes\vendor\codeigniter4\framework\system\CodeIgniter.php(419): CodeIgniter\CodeIgniter->runController(Object(App\Controllers\Home))
#5 F:\wamp64\www\proyectoUes\vendor\codeigniter4\framework\system\CodeIgniter.php(326): CodeIgniter\CodeIgniter->handleRequest(NULL, Object(Config\Cache), false)
#6 F:\wamp64\www\proyectoUes\public\index.php(37): CodeIgniter\CodeIgniter->run()
#7 {main}
